Unity Editor version:    2021.3.15f1 (e8e88683f834)
Branch:                  2021.3/staging
Build type:              Release
Batch mode:              YES
macOS version:           Version 13.0.1 (Build 22A400)
Darwin version:          22.1.0
Architecture:            arm64
Running under Rosetta:   NO
Available memory:        16384 MB
Using pre-set license
Pro License: YES

COMMAND LINE ARGUMENTS:
/Applications/Unity/Hub/Editor/2021.3.15f1/Unity.app/Contents/MacOS/Unity
-adb2
-batchMode
-noUpm
-name
AssetImportWorker44
-projectPath
/Users/vanessabrioso/Documents/GitHub/UnityPersonalProjects/JRV_VVV_PROJECT
-logFile
Logs/AssetImportWorker44.log
-srvPort
63659
Successfully changed project path to: /Users/vanessabrioso/Documents/GitHub/UnityPersonalProjects/JRV_VVV_PROJECT
/Users/vanessabrioso/Documents/GitHub/UnityPersonalProjects/JRV_VVV_PROJECT
[UnityMemory] Configuration Parameters - Can be set up in boot.config
    "memorysetup-bucket-allocator-granularity=16"
    "memorysetup-bucket-allocator-bucket-count=8"
    "memorysetup-bucket-allocator-block-size=33554432"
    "memorysetup-bucket-allocator-block-count=8"
    "memorysetup-main-allocator-block-size=16777216"
    "memorysetup-thread-allocator-block-size=16777216"
    "memorysetup-gfx-main-allocator-block-size=16777216"
    "memorysetup-gfx-thread-allocator-block-size=16777216"
    "memorysetup-cache-allocator-block-size=4194304"
    "memorysetup-typetree-allocator-block-size=2097152"
    "memorysetup-profiler-bucket-allocator-granularity=16"
    "memorysetup-profiler-bucket-allocator-bucket-count=8"
    "memorysetup-profiler-bucket-allocator-block-size=33554432"
    "memorysetup-profiler-bucket-allocator-block-count=8"
    "memorysetup-profiler-allocator-block-size=16777216"
    "memorysetup-profiler-editor-allocator-block-size=1048576"
    "memorysetup-temp-allocator-size-main=16777216"
    "memorysetup-job-temp-allocator-block-size=2097152"
    "memorysetup-job-temp-allocator-block-size-background=1048576"
    "memorysetup-job-temp-allocator-reduction-small-platforms=262144"
    "memorysetup-temp-allocator-size-background-worker=32768"
    "memorysetup-temp-allocator-size-job-worker=262144"
    "memorysetup-temp-allocator-size-preload-manager=33554432"
    "memorysetup-temp-allocator-size-nav-mesh-worker=65536"
    "memorysetup-temp-allocator-size-audio-worker=65536"
    "memorysetup-temp-allocator-size-cloud-worker=32768"
    "memorysetup-temp-allocator-size-gi-baking-worker=262144"
    "memorysetup-temp-allocator-size-gfx=262144"
Player connection [7999481088] Host "[IP] 10.99.3.8 [Port] 0 [Flags] 2 [Guid] 877595680 [EditorId] 877595680 [Version] 1048832 [Id] OSXEditor(0,Vanessas-MacBook-Air.local) [Debug] 1 [PackageName] OSXEditor [ProjectName] Editor" joined multi-casting on [225.0.0.222:54997]...

Player connection [7999481088] Host "[IP] 10.99.3.8 [Port] 0 [Flags] 2 [Guid] 877595680 [EditorId] 877595680 [Version] 1048832 [Id] OSXEditor(0,Vanessas-MacBook-Air.local) [Debug] 1 [PackageName] OSXEditor [ProjectName] Editor" joined alternative multi-casting on [225.0.0.222:34997]...

Cannot open lmdb database .//Library/ArtifactDB because another process has a lock on it. Will retry.
Cannot open lmdb database .//Library/ArtifactDB because another process has a lock on it. Will retry.
Cannot open lmdb database .//Library/ArtifactDB because another process has a lock on it. Will retry.
Cannot open lmdb database .//Library/ArtifactDB because another process has a lock on it. Will retry.
Cannot open lmdb database .//Library/ArtifactDB because another process has a lock on it. Will retry.
Cannot open lmdb database .//Library/ArtifactDB because another process has a lock on it. Will retry.
mdb_env_open failed on './/Library/ArtifactDB' with error: 2 'No such file or directory'
