Using pre-set license
Built from '2021.3/staging' branch; Version is '2021.3.15f1 (e8e88683f834) revision 15263878'; Using compiler version '192829333'; Build Type 'Release'
OS: 'Windows 11  (10.0.22621) 64bit Professional' Language: 'pt' Physical Memory: 15734 MB
BatchMode: 1, IsHumanControllingUs: 0, StartBugReporterOnCrash: 0, Is64bit: 1, IsPro: 1

COMMAND LINE ARGUMENTS:
C:\Program Files\Unity\Hub\Editor\2021.3.15f1\Editor\Unity.exe
-adb2
-batchMode
-noUpm
-name
AssetImportWorker0
-projectPath
C:/Users/viore/Documents/GitHub/UnityPersonalProjects/JRV_VVV_PROJECT
-logFile
Logs/AssetImportWorker0.log
-srvPort
54841
Successfully changed project path to: C:/Users/viore/Documents/GitHub/UnityPersonalProjects/JRV_VVV_PROJECT
C:/Users/viore/Documents/GitHub/UnityPersonalProjects/JRV_VVV_PROJECT
[UnityMemory] Configuration Parameters - Can be set up in boot.config
    "memorysetup-bucket-allocator-granularity=16"
    "memorysetup-bucket-allocator-bucket-count=8"
    "memorysetup-bucket-allocator-block-size=33554432"
    "memorysetup-bucket-allocator-block-count=8"
    "memorysetup-main-allocator-block-size=16777216"
    "memorysetup-thread-allocator-block-size=16777216"
    "memorysetup-gfx-main-allocator-block-size=16777216"
    "memorysetup-gfx-thread-allocator-block-size=16777216"
    "memorysetup-cache-allocator-block-size=4194304"
    "memorysetup-typetree-allocator-block-size=2097152"
    "memorysetup-profiler-bucket-allocator-granularity=16"
    "memorysetup-profiler-bucket-allocator-bucket-count=8"
    "memorysetup-profiler-bucket-allocator-block-size=33554432"
    "memorysetup-profiler-bucket-allocator-block-count=8"
    "memorysetup-profiler-allocator-block-size=16777216"
    "memorysetup-profiler-editor-allocator-block-size=1048576"
    "memorysetup-temp-allocator-size-main=16777216"
    "memorysetup-job-temp-allocator-block-size=2097152"
    "memorysetup-job-temp-allocator-block-size-background=1048576"
    "memorysetup-job-temp-allocator-reduction-small-platforms=262144"
    "memorysetup-temp-allocator-size-background-worker=32768"
    "memorysetup-temp-allocator-size-job-worker=262144"
    "memorysetup-temp-allocator-size-preload-manager=33554432"
    "memorysetup-temp-allocator-size-nav-mesh-worker=65536"
    "memorysetup-temp-allocator-size-audio-worker=65536"
    "memorysetup-temp-allocator-size-cloud-worker=32768"
    "memorysetup-temp-allocator-size-gi-baking-worker=262144"
    "memorysetup-temp-allocator-size-gfx=262144"
Player connection [20004] Host "[IP] 192.168.74.1 [Port] 0 [Flags] 2 [Guid] 3721960820 [EditorId] 3721960820 [Version] 1048832 [Id] WindowsEditor(7,DESKTOP-TI83AN4) [Debug] 1 [PackageName] WindowsEditor [ProjectName] Editor" joined multi-casting on [225.0.0.222:54997]...

Player connection [20004] Host "[IP] 192.168.74.1 [Port] 0 [Flags] 2 [Guid] 3721960820 [EditorId] 3721960820 [Version] 1048832 [Id] WindowsEditor(7,DESKTOP-TI83AN4) [Debug] 1 [PackageName] WindowsEditor [ProjectName] Editor" joined alternative multi-casting on [225.0.0.222:34997]...

Refreshing native plugins compatible for Editor in 78.64 ms, found 3 plugins.
Preloading 0 native plugins for Editor in 0.00 ms.
Initialize engine version: 2021.3.15f1 (e8e88683f834)
[Subsystems] Discovering subsystems at path C:/Program Files/Unity/Hub/Editor/2021.3.15f1/Editor/Data/Resources/UnitySubsystems
[Subsystems] Discovering subsystems at path C:/Users/viore/Documents/GitHub/UnityPersonalProjects/JRV_VVV_PROJECT/Assets
GfxDevice: creating device client; threaded=0; jobified=0
Direct3D:
    Version:  Direct3D 11.0 [level 11.1]
    Renderer: NVIDIA GeForce RTX 3060 Laptop GPU (ID=0x2520)
    Vendor:   NVIDIA
    VRAM:     6009 MB
    Driver:   31.0.15.2698
Initialize mono
Mono path[0] = 'C:/Program Files/Unity/Hub/Editor/2021.3.15f1/Editor/Data/Managed'
Mono path[1] = 'C:/Program Files/Unity/Hub/Editor/2021.3.15f1/Editor/Data/MonoBleedingEdge/lib/mono/unityjit-win32'
Mono config path = 'C:/Program Files/Unity/Hub/Editor/2021.3.15f1/Editor/Data/MonoBleedingEdge/etc'
Using monoOptions --debugger-agent=transport=dt_socket,embedding=1,server=y,suspend=n,address=127.0.0.1:56244
Begin MonoManager ReloadAssembly
Registering precompiled unity dll's ...
Register platform support module: C:/Program Files/Unity/Hub/Editor/2021.3.15f1/Editor/Data/PlaybackEngines/WebGLSupport/UnityEditor.WebGL.Extensions.dll
Register platform support module: C:/Program Files/Unity/Hub/Editor/2021.3.15f1/Editor/Data/PlaybackEngines/WindowsStandaloneSupport/UnityEditor.WindowsStandalone.Extensions.dll
Registered in 0.005402 seconds.
Native extension for WindowsStandalone target not found
Native extension for WebGL target not found
Refreshing native plugins compatible for Editor in 74.11 ms, found 3 plugins.
Preloading 0 native plugins for Editor in 0.00 ms.
Mono: successfully reloaded assembly
- Completed reload, in  0.622 seconds
Domain Reload Profiling:
	ReloadAssembly (622ms)
		BeginReloadAssembly (66ms)
			ExecutionOrderSort (0ms)
			DisableScriptedObjects (0ms)
			BackupInstance (0ms)
			ReleaseScriptingObjects (0ms)
			CreateAndSetChildDomain (1ms)
		EndReloadAssembly (418ms)
			LoadAssemblies (64ms)
			RebuildTransferFunctionScriptingTraits (0ms)
			SetupTypeCache (90ms)
			ReleaseScriptCaches (0ms)
			RebuildScriptCaches (23ms)
			SetupLoadedEditorAssemblies (258ms)
				LogAssemblyErrors (0ms)
				InitializePlatformSupportModulesInManaged (8ms)
				SetLoadedEditorAssemblies (0ms)
				RefreshPlugins (74ms)
				BeforeProcessingInitializeOnLoad (1ms)
				ProcessInitializeOnLoadAttributes (132ms)
				ProcessInitializeOnLoadMethodAttributes (42ms)
				AfterProcessingInitializeOnLoad (0ms)
				EditorAssembliesLoaded (0ms)
			ExecutionOrderSort2 (0ms)
			AwakeInstancesAfterBackupRestoration (0ms)
Platform modules already initialized, skipping
Registering precompiled user dll's ...
Registered in 0.005417 seconds.
Begin MonoManager ReloadAssembly
Symbol file LoadedFromMemory doesn't match image C:\Users\viore\Documents\GitHub\UnityPersonalProjects\JRV_VVV_PROJECT\Library\PackageCache\com.unity.visualscripting@1.7.8\Editor\VisualScripting.Core\Dependencies\YamlDotNet\Unity.VisualScripting.YamlDotNet.dll
Symbol file LoadedFromMemory doesn't match image C:\Users\viore\Documents\GitHub\UnityPersonalProjects\JRV_VVV_PROJECT\Library\PackageCache\com.unity.visualscripting@1.7.8\Editor\VisualScripting.Core\Dependencies\DotNetZip\Unity.VisualScripting.IonicZip.dll
Native extension for WindowsStandalone target not found
Native extension for WebGL target not found
Refreshing native plugins compatible for Editor in 0.70 ms, found 3 plugins.
Preloading 0 native plugins for Editor in 0.00 ms.
Mono: successfully reloaded assembly
- Completed reload, in  0.873 seconds
Domain Reload Profiling:
	ReloadAssembly (874ms)
		BeginReloadAssembly (99ms)
			ExecutionOrderSort (0ms)
			DisableScriptedObjects (5ms)
			BackupInstance (0ms)
			ReleaseScriptingObjects (0ms)
			CreateAndSetChildDomain (20ms)
		EndReloadAssembly (671ms)
			LoadAssemblies (70ms)
			RebuildTransferFunctionScriptingTraits (0ms)
			SetupTypeCache (191ms)
			ReleaseScriptCaches (1ms)
			RebuildScriptCaches (43ms)
			SetupLoadedEditorAssemblies (332ms)
				LogAssemblyErrors (0ms)
				InitializePlatformSupportModulesInManaged (6ms)
				SetLoadedEditorAssemblies (0ms)
				RefreshPlugins (1ms)
				BeforeProcessingInitializeOnLoad (66ms)
				ProcessInitializeOnLoadAttributes (224ms)
				ProcessInitializeOnLoadMethodAttributes (29ms)
				AfterProcessingInitializeOnLoad (6ms)
				EditorAssembliesLoaded (0ms)
			ExecutionOrderSort2 (0ms)
			AwakeInstancesAfterBackupRestoration (6ms)
Platform modules already initialized, skipping
========================================================================
Worker process is ready to serve import requests
Shader 'SimpleURPToonLitExample(With Outline)': fallback shader 'Hidden/Universal Render Pipeline/FallbackError' not found
Shader 'SimpleURPToonLitExample(With Outline)': fallback shader 'Hidden/Universal Render Pipeline/FallbackError' not found
Launched and connected shader compiler UnityShaderCompiler.exe after 0.05 seconds
Refreshing native plugins compatible for Editor in 0.96 ms, found 3 plugins.
Preloading 0 native plugins for Editor in 0.00 ms.
Unloading 3313 Unused Serialized files (Serialized files now loaded: 0)
Unloading 26 unused Assets / (203.1 KB). Loaded Objects now: 3778.
Memory consumption went from 122.4 MB to 122.2 MB.
Total: 3.613600 ms (FindLiveObjects: 0.293000 ms CreateObjectMapping: 0.123700 ms MarkObjects: 3.004200 ms  DeleteObjects: 0.191600 ms)

AssetImportParameters requested are different than current active one (requested -> active):
  custom:video-decoder-ogg-theora: a1e56fd34408186e4bbccfd4996cb3dc -> 
  custom:container-muxer-webm: aa71ff27fc2769a1b78a27578f13a17b -> 
  custom:container-demuxer-webm: 4f35f7cbe854078d1ac9338744f61a02 -> 
  custom:video-encoder-webm-vp8: eb34c28f22e8b96e1ab97ce403110664 -> 
  custom:audio-encoder-webm-vorbis: bf7c407c2cedff20999df2af8eb42d56 -> 
  custom:framework-win-MediaFoundation: 216162199b28c13a410421893ffa2e32 -> 
  custom:container-demuxer-ogg: 62fdf1f143b41e24485cea50d1cbac27 -> 
  custom:video-decoder-webm-vp8: 9c59270c3fd7afecdb556c50c9e8de78 -> 
  custom:audio-decoder-ogg-vorbis: bf7c407c2cedff20999df2af8eb42d56 -> 
========================================================================
Received Import Request.
  Time since last request: 41368.603760 seconds.
  path: ProjectSettings/TagManager.asset
  artifactKey: Guid(00000000000000003000000000000000) Importer(815301076,1909f56bfc062723c751e8b465ee728b)
Start importing ProjectSettings/TagManager.asset using Guid(00000000000000003000000000000000) Importer(815301076,1909f56bfc062723c751e8b465ee728b)  -> (artifact id: '1184c4b824b6beec710749bdc2947891') in 0.072676 seconds 
========================================================================
Received Prepare
Registering precompiled user dll's ...
Registered in 0.004127 seconds.
Begin MonoManager ReloadAssembly
Symbol file LoadedFromMemory doesn't match image C:\Users\viore\Documents\GitHub\UnityPersonalProjects\JRV_VVV_PROJECT\Library\PackageCache\com.unity.visualscripting@1.7.8\Editor\VisualScripting.Core\Dependencies\YamlDotNet\Unity.VisualScripting.YamlDotNet.dll
Symbol file LoadedFromMemory doesn't match image C:\Users\viore\Documents\GitHub\UnityPersonalProjects\JRV_VVV_PROJECT\Library\PackageCache\com.unity.visualscripting@1.7.8\Editor\VisualScripting.Core\Dependencies\DotNetZip\Unity.VisualScripting.IonicZip.dll
Native extension for WindowsStandalone target not found
Native extension for WebGL target not found
Refreshing native plugins compatible for Editor in 1.40 ms, found 3 plugins.
Preloading 0 native plugins for Editor in 0.00 ms.
Mono: successfully reloaded assembly
- Completed reload, in  0.860 seconds
Domain Reload Profiling:
	ReloadAssembly (860ms)
		BeginReloadAssembly (117ms)
			ExecutionOrderSort (0ms)
			DisableScriptedObjects (5ms)
			BackupInstance (0ms)
			ReleaseScriptingObjects (0ms)
			CreateAndSetChildDomain (34ms)
		EndReloadAssembly (651ms)
			LoadAssemblies (73ms)
			RebuildTransferFunctionScriptingTraits (0ms)
			SetupTypeCache (207ms)
			ReleaseScriptCaches (2ms)
			RebuildScriptCaches (41ms)
			SetupLoadedEditorAssemblies (286ms)
				LogAssemblyErrors (0ms)
				InitializePlatformSupportModulesInManaged (14ms)
				SetLoadedEditorAssemblies (1ms)
				RefreshPlugins (1ms)
				BeforeProcessingInitializeOnLoad (54ms)
				ProcessInitializeOnLoadAttributes (187ms)
				ProcessInitializeOnLoadMethodAttributes (24ms)
				AfterProcessingInitializeOnLoad (6ms)
				EditorAssembliesLoaded (0ms)
			ExecutionOrderSort2 (0ms)
			AwakeInstancesAfterBackupRestoration (5ms)
Platform modules already initialized, skipping
Shader 'SimpleURPToonLitExample(With Outline)': fallback shader 'Hidden/Universal Render Pipeline/FallbackError' not found
Shader 'SimpleURPToonLitExample(With Outline)': fallback shader 'Hidden/Universal Render Pipeline/FallbackError' not found
Refreshing native plugins compatible for Editor in 2.37 ms, found 3 plugins.
Preloading 0 native plugins for Editor in 0.00 ms.
Unloading 3283 Unused Serialized files (Serialized files now loaded: 0)
Unloading 20 unused Assets / (170.3 KB). Loaded Objects now: 3782.
Memory consumption went from 119.7 MB to 119.5 MB.
Total: 3.335400 ms (FindLiveObjects: 0.276100 ms CreateObjectMapping: 0.139500 ms MarkObjects: 2.744700 ms  DeleteObjects: 0.173900 ms)

AssetImportParameters requested are different than current active one (requested -> active):
  custom:video-decoder-ogg-theora: a1e56fd34408186e4bbccfd4996cb3dc -> 
  custom:container-muxer-webm: aa71ff27fc2769a1b78a27578f13a17b -> 
  custom:container-demuxer-webm: 4f35f7cbe854078d1ac9338744f61a02 -> 
  custom:video-encoder-webm-vp8: eb34c28f22e8b96e1ab97ce403110664 -> 
  custom:audio-encoder-webm-vorbis: bf7c407c2cedff20999df2af8eb42d56 -> 
  custom:framework-win-MediaFoundation: 216162199b28c13a410421893ffa2e32 -> 
  custom:container-demuxer-ogg: 62fdf1f143b41e24485cea50d1cbac27 -> 
  custom:video-decoder-webm-vp8: 9c59270c3fd7afecdb556c50c9e8de78 -> 
  custom:audio-decoder-ogg-vorbis: bf7c407c2cedff20999df2af8eb42d56 -> 
========================================================================
Received Prepare
Registering precompiled user dll's ...
Registered in 0.005571 seconds.
Begin MonoManager ReloadAssembly
Symbol file LoadedFromMemory doesn't match image C:\Users\viore\Documents\GitHub\UnityPersonalProjects\JRV_VVV_PROJECT\Library\PackageCache\com.unity.visualscripting@1.7.8\Editor\VisualScripting.Core\Dependencies\YamlDotNet\Unity.VisualScripting.YamlDotNet.dll
Symbol file LoadedFromMemory doesn't match image C:\Users\viore\Documents\GitHub\UnityPersonalProjects\JRV_VVV_PROJECT\Library\PackageCache\com.unity.visualscripting@1.7.8\Editor\VisualScripting.Core\Dependencies\DotNetZip\Unity.VisualScripting.IonicZip.dll
Native extension for WindowsStandalone target not found
Native extension for WebGL target not found
Refreshing native plugins compatible for Editor in 1.31 ms, found 3 plugins.
Preloading 0 native plugins for Editor in 0.00 ms.
Mono: successfully reloaded assembly
- Completed reload, in  1.126 seconds
Domain Reload Profiling:
	ReloadAssembly (1126ms)
		BeginReloadAssembly (143ms)
			ExecutionOrderSort (0ms)
			DisableScriptedObjects (6ms)
			BackupInstance (0ms)
			ReleaseScriptingObjects (0ms)
			CreateAndSetChildDomain (38ms)
		EndReloadAssembly (870ms)
			LoadAssemblies (93ms)
			RebuildTransferFunctionScriptingTraits (0ms)
			SetupTypeCache (272ms)
			ReleaseScriptCaches (2ms)
			RebuildScriptCaches (52ms)
			SetupLoadedEditorAssemblies (391ms)
				LogAssemblyErrors (0ms)
				InitializePlatformSupportModulesInManaged (13ms)
				SetLoadedEditorAssemblies (1ms)
				RefreshPlugins (1ms)
				BeforeProcessingInitializeOnLoad (71ms)
				ProcessInitializeOnLoadAttributes (259ms)
				ProcessInitializeOnLoadMethodAttributes (36ms)
				AfterProcessingInitializeOnLoad (9ms)
				EditorAssembliesLoaded (0ms)
			ExecutionOrderSort2 (0ms)
			AwakeInstancesAfterBackupRestoration (9ms)
Platform modules already initialized, skipping
Shader 'SimpleURPToonLitExample(With Outline)': fallback shader 'Hidden/Universal Render Pipeline/FallbackError' not found
Shader 'SimpleURPToonLitExample(With Outline)': fallback shader 'Hidden/Universal Render Pipeline/FallbackError' not found
Refreshing native plugins compatible for Editor in 2.66 ms, found 3 plugins.
Preloading 0 native plugins for Editor in 0.00 ms.
Unloading 3283 Unused Serialized files (Serialized files now loaded: 0)
Unloading 19 unused Assets / (170.3 KB). Loaded Objects now: 3785.
Memory consumption went from 119.7 MB to 119.5 MB.
Total: 4.527900 ms (FindLiveObjects: 0.467600 ms CreateObjectMapping: 0.121200 ms MarkObjects: 3.782500 ms  DeleteObjects: 0.155600 ms)

AssetImportParameters requested are different than current active one (requested -> active):
  custom:video-decoder-ogg-theora: a1e56fd34408186e4bbccfd4996cb3dc -> 
  custom:container-muxer-webm: aa71ff27fc2769a1b78a27578f13a17b -> 
  custom:container-demuxer-webm: 4f35f7cbe854078d1ac9338744f61a02 -> 
  custom:video-encoder-webm-vp8: eb34c28f22e8b96e1ab97ce403110664 -> 
  custom:audio-encoder-webm-vorbis: bf7c407c2cedff20999df2af8eb42d56 -> 
  custom:framework-win-MediaFoundation: 216162199b28c13a410421893ffa2e32 -> 
  custom:container-demuxer-ogg: 62fdf1f143b41e24485cea50d1cbac27 -> 
  custom:video-decoder-webm-vp8: 9c59270c3fd7afecdb556c50c9e8de78 -> 
  custom:audio-decoder-ogg-vorbis: bf7c407c2cedff20999df2af8eb42d56 -> 
========================================================================
Received Prepare
Registering precompiled user dll's ...
Registered in 0.005933 seconds.
Begin MonoManager ReloadAssembly
Symbol file LoadedFromMemory doesn't match image C:\Users\viore\Documents\GitHub\UnityPersonalProjects\JRV_VVV_PROJECT\Library\PackageCache\com.unity.visualscripting@1.7.8\Editor\VisualScripting.Core\Dependencies\YamlDotNet\Unity.VisualScripting.YamlDotNet.dll
Symbol file LoadedFromMemory doesn't match image C:\Users\viore\Documents\GitHub\UnityPersonalProjects\JRV_VVV_PROJECT\Library\PackageCache\com.unity.visualscripting@1.7.8\Editor\VisualScripting.Core\Dependencies\DotNetZip\Unity.VisualScripting.IonicZip.dll
Native extension for WindowsStandalone target not found
Native extension for WebGL target not found
Refreshing native plugins compatible for Editor in 0.99 ms, found 3 plugins.
Preloading 0 native plugins for Editor in 0.00 ms.
Mono: successfully reloaded assembly
- Completed reload, in  0.802 seconds
Domain Reload Profiling:
	ReloadAssembly (802ms)
		BeginReloadAssembly (118ms)
			ExecutionOrderSort (0ms)
			DisableScriptedObjects (5ms)
			BackupInstance (0ms)
			ReleaseScriptingObjects (0ms)
			CreateAndSetChildDomain (36ms)
		EndReloadAssembly (598ms)
			LoadAssemblies (74ms)
			RebuildTransferFunctionScriptingTraits (0ms)
			SetupTypeCache (183ms)
			ReleaseScriptCaches (1ms)
			RebuildScriptCaches (30ms)
			SetupLoadedEditorAssemblies (275ms)
				LogAssemblyErrors (0ms)
				InitializePlatformSupportModulesInManaged (12ms)
				SetLoadedEditorAssemblies (0ms)
				RefreshPlugins (1ms)
				BeforeProcessingInitializeOnLoad (51ms)
				ProcessInitializeOnLoadAttributes (182ms)
				ProcessInitializeOnLoadMethodAttributes (22ms)
				AfterProcessingInitializeOnLoad (7ms)
				EditorAssembliesLoaded (0ms)
			ExecutionOrderSort2 (0ms)
			AwakeInstancesAfterBackupRestoration (6ms)
Platform modules already initialized, skipping
Shader 'SimpleURPToonLitExample(With Outline)': fallback shader 'Hidden/Universal Render Pipeline/FallbackError' not found
Shader 'SimpleURPToonLitExample(With Outline)': fallback shader 'Hidden/Universal Render Pipeline/FallbackError' not found
Refreshing native plugins compatible for Editor in 2.00 ms, found 3 plugins.
Preloading 0 native plugins for Editor in 0.00 ms.
Unloading 3283 Unused Serialized files (Serialized files now loaded: 0)
Unloading 19 unused Assets / (170.3 KB). Loaded Objects now: 3788.
Memory consumption went from 119.7 MB to 119.5 MB.
Total: 3.170500 ms (FindLiveObjects: 0.256700 ms CreateObjectMapping: 0.124800 ms MarkObjects: 2.596300 ms  DeleteObjects: 0.191900 ms)

AssetImportParameters requested are different than current active one (requested -> active):
  custom:video-decoder-ogg-theora: a1e56fd34408186e4bbccfd4996cb3dc -> 
  custom:container-muxer-webm: aa71ff27fc2769a1b78a27578f13a17b -> 
  custom:container-demuxer-webm: 4f35f7cbe854078d1ac9338744f61a02 -> 
  custom:video-encoder-webm-vp8: eb34c28f22e8b96e1ab97ce403110664 -> 
  custom:audio-encoder-webm-vorbis: bf7c407c2cedff20999df2af8eb42d56 -> 
  custom:framework-win-MediaFoundation: 216162199b28c13a410421893ffa2e32 -> 
  custom:container-demuxer-ogg: 62fdf1f143b41e24485cea50d1cbac27 -> 
  custom:video-decoder-webm-vp8: 9c59270c3fd7afecdb556c50c9e8de78 -> 
  custom:audio-decoder-ogg-vorbis: bf7c407c2cedff20999df2af8eb42d56 -> 
========================================================================
Received Import Request.
  Time since last request: 76.247210 seconds.
  path: Assets/Materials
  artifactKey: Guid(0cfbcc7a9571249eaa8917cd029e2270) Importer(815301076,1909f56bfc062723c751e8b465ee728b)
Start importing Assets/Materials using Guid(0cfbcc7a9571249eaa8917cd029e2270) Importer(815301076,1909f56bfc062723c751e8b465ee728b)  -> (artifact id: 'c5522fa9c67164c8e6445e405ea25853') in 0.013160 seconds 
========================================================================
Received Import Request.
  Time since last request: 0.312775 seconds.
  path: Assets/Materials/Blue.mat
  artifactKey: Guid(6439c637d14fd4fc99822094ee9a0b5a) Importer(815301076,1909f56bfc062723c751e8b465ee728b)
Start importing Assets/Materials/Blue.mat using Guid(6439c637d14fd4fc99822094ee9a0b5a) Importer(815301076,1909f56bfc062723c751e8b465ee728b)  -> (artifact id: 'f40b67973c6c4b30525e4fd315018c7f') in 0.119164 seconds 
========================================================================
Received Import Request.
  Time since last request: 0.000018 seconds.
  path: Assets/Materials/Wall.mat
  artifactKey: Guid(6b31b1247859549d98a0efcb0015daa5) Importer(815301076,1909f56bfc062723c751e8b465ee728b)
Start importing Assets/Materials/Wall.mat using Guid(6b31b1247859549d98a0efcb0015daa5) Importer(815301076,1909f56bfc062723c751e8b465ee728b)  -> (artifact id: '49784b4f422e3b72582937cb5956de6e') in 0.013077 seconds 
========================================================================
Received Import Request.
  Time since last request: 0.000018 seconds.
  path: Assets/Materials/Red.mat
  artifactKey: Guid(143cc624275494d0f9ae07c166a53e40) Importer(815301076,1909f56bfc062723c751e8b465ee728b)
Start importing Assets/Materials/Red.mat using Guid(143cc624275494d0f9ae07c166a53e40) Importer(815301076,1909f56bfc062723c751e8b465ee728b)  -> (artifact id: '9e7c10331f6e67d6d97ecc0723158926') in 0.020039 seconds 
========================================================================
Received Import Request.
  Time since last request: 0.000021 seconds.
  path: Assets/Materials/Water.mat
  artifactKey: Guid(4d330f80644aa4670b0583fd5409a174) Importer(815301076,1909f56bfc062723c751e8b465ee728b)
Start importing Assets/Materials/Water.mat using Guid(4d330f80644aa4670b0583fd5409a174) Importer(815301076,1909f56bfc062723c751e8b465ee728b)  -> (artifact id: '913c73ff78eb41844b7edbab1934b961') in 0.020472 seconds 
========================================================================
Received Import Request.
  Time since last request: 1.666574 seconds.
  path: Assets/Packages
  artifactKey: Guid(11507d708a3734eeb942a72d6d52ceb1) Importer(815301076,1909f56bfc062723c751e8b465ee728b)
Start importing Assets/Packages using Guid(11507d708a3734eeb942a72d6d52ceb1) Importer(815301076,1909f56bfc062723c751e8b465ee728b)  -> (artifact id: 'e60cefdf256e7cef70d1872f871fe2d4') in 0.006215 seconds 
========================================================================
Received Import Request.
  Time since last request: 6.004626 seconds.
  path: Assets/Animations
  artifactKey: Guid(952289cb6f9884b7fb8d29d467b16f74) Importer(815301076,1909f56bfc062723c751e8b465ee728b)
Start importing Assets/Animations using Guid(952289cb6f9884b7fb8d29d467b16f74) Importer(815301076,1909f56bfc062723c751e8b465ee728b)  -> (artifact id: 'b40d20d62ff31b90207088c77b36df17') in 0.006108 seconds 
========================================================================
Received Import Request.
  Time since last request: 1.909581 seconds.
  path: Assets/Fonts
  artifactKey: Guid(e8ad13f9fea1d4470be6a1302ec6505e) Importer(815301076,1909f56bfc062723c751e8b465ee728b)
Start importing Assets/Fonts using Guid(e8ad13f9fea1d4470be6a1302ec6505e) Importer(815301076,1909f56bfc062723c751e8b465ee728b)  -> (artifact id: '257f274d5f8d83300069265a4ea886da') in 0.042549 seconds 
========================================================================
Received Import Request.
  Time since last request: 6.964240 seconds.
  path: Assets/Packages/Particles
  artifactKey: Guid(976974e4d3018034e87caeb9f51f20f6) Importer(815301076,1909f56bfc062723c751e8b465ee728b)
Start importing Assets/Packages/Particles using Guid(976974e4d3018034e87caeb9f51f20f6) Importer(815301076,1909f56bfc062723c751e8b465ee728b)  -> (artifact id: '03d77b541193daef7ec3bc91cdee8161') in 0.024814 seconds 
========================================================================
Received Import Request.
  Time since last request: 4.043393 seconds.
  path: Assets/Packages/3D Begginer ToolKit
  artifactKey: Guid(45ad001ece64f44928717df362da6a57) Importer(815301076,1909f56bfc062723c751e8b465ee728b)
Start importing Assets/Packages/3D Begginer ToolKit using Guid(45ad001ece64f44928717df362da6a57) Importer(815301076,1909f56bfc062723c751e8b465ee728b)  -> (artifact id: '2f1490fa4c3e2715c3efd7dc8165d071') in 0.043622 seconds 
========================================================================
Received Import Request.
  Time since last request: 3.641331 seconds.
  path: Assets/Packages/3D Begginer ToolKit/Audio
  artifactKey: Guid(99292649337aea64a81aee4d4de15241) Importer(815301076,1909f56bfc062723c751e8b465ee728b)
Start importing Assets/Packages/3D Begginer ToolKit/Audio using Guid(99292649337aea64a81aee4d4de15241) Importer(815301076,1909f56bfc062723c751e8b465ee728b)  -> (artifact id: '9ddcd67fb229faf462632a0cf3ffc13b') in 0.005829 seconds 
========================================================================
Received Import Request.
  Time since last request: 0.139638 seconds.
  path: Assets/Packages/3D Begginer ToolKit/Audio/SFXBuzzingLight.wav
  artifactKey: Guid(86e0f005f0b8e084698c2cf61bb6c2b6) Importer(815301076,1909f56bfc062723c751e8b465ee728b)
Start importing Assets/Packages/3D Begginer ToolKit/Audio/SFXBuzzingLight.wav using Guid(86e0f005f0b8e084698c2cf61bb6c2b6) Importer(815301076,1909f56bfc062723c751e8b465ee728b)  -> (artifact id: '893e9f03cb40d60af20e0e98a1538c9d') in 0.069096 seconds 
========================================================================
Received Import Request.
  Time since last request: 0.000018 seconds.
  path: Assets/Packages/3D Begginer ToolKit/Audio/SFXHouseAmbience.wav
  artifactKey: Guid(205287722f2b6b64583b86d65fdeeb11) Importer(815301076,1909f56bfc062723c751e8b465ee728b)
Start importing Assets/Packages/3D Begginer ToolKit/Audio/SFXHouseAmbience.wav using Guid(205287722f2b6b64583b86d65fdeeb11) Importer(815301076,1909f56bfc062723c751e8b465ee728b)  -> (artifact id: '72d9e3a3b8425faa378173f9cfbc5cdb') in 0.018988 seconds 
========================================================================
Received Import Request.
  Time since last request: 0.000025 seconds.
  path: Assets/Packages/3D Begginer ToolKit/Audio/SFXFootstepsLooping.wav
  artifactKey: Guid(07e520bb410492d47bf739846d70f2a3) Importer(815301076,1909f56bfc062723c751e8b465ee728b)
Start importing Assets/Packages/3D Begginer ToolKit/Audio/SFXFootstepsLooping.wav using Guid(07e520bb410492d47bf739846d70f2a3) Importer(815301076,1909f56bfc062723c751e8b465ee728b)  -> (artifact id: 'd67ba859c9af592ac337460504dffc11') in 0.023541 seconds 
========================================================================
Received Import Request.
  Time since last request: 1.162615 seconds.
  path: Assets/Packages/3D Begginer ToolKit/Gizmos
  artifactKey: Guid(78109d2a419166245a5419f7798874c2) Importer(815301076,1909f56bfc062723c751e8b465ee728b)
Start importing Assets/Packages/3D Begginer ToolKit/Gizmos using Guid(78109d2a419166245a5419f7798874c2) Importer(815301076,1909f56bfc062723c751e8b465ee728b)  -> (artifact id: '61bdb3f88d611a1fabec82082222c394') in 0.043186 seconds 
========================================================================
Received Import Request.
  Time since last request: 1.579068 seconds.
  path: Assets/Packages/3D Begginer ToolKit/Gizmos/Cinemachine
  artifactKey: Guid(90629f3661fb72645b00d8b91e85a4a0) Importer(815301076,1909f56bfc062723c751e8b465ee728b)
Start importing Assets/Packages/3D Begginer ToolKit/Gizmos/Cinemachine using Guid(90629f3661fb72645b00d8b91e85a4a0) Importer(815301076,1909f56bfc062723c751e8b465ee728b)  -> (artifact id: '74293cb12d936ea63ab38cab7ab1a46c') in 0.043156 seconds 
========================================================================
Received Import Request.
  Time since last request: 0.135106 seconds.
  path: Assets/Packages/3D Begginer ToolKit/Gizmos/Cinemachine/cm_logo_lg.png
  artifactKey: Guid(d0ceea9f3e3fc1d4e8656992705ebec1) Importer(815301076,1909f56bfc062723c751e8b465ee728b)
Start importing Assets/Packages/3D Begginer ToolKit/Gizmos/Cinemachine/cm_logo_lg.png using Guid(d0ceea9f3e3fc1d4e8656992705ebec1) Importer(815301076,1909f56bfc062723c751e8b465ee728b)  -> (artifact id: '2c88d054959e707c6c6593955eb8df56') in 0.063904 seconds 
========================================================================
Received Import Request.
  Time since last request: 5.778438 seconds.
  path: Assets/Sets - Gems
  artifactKey: Guid(32ebf2c0b434faa44bab1d441f3dbfe7) Importer(815301076,1909f56bfc062723c751e8b465ee728b)
Start importing Assets/Sets - Gems using Guid(32ebf2c0b434faa44bab1d441f3dbfe7) Importer(815301076,1909f56bfc062723c751e8b465ee728b)  -> (artifact id: 'c7bca94024b886557ebccc198ada27c3') in 0.011072 seconds 
========================================================================
Received Import Request.
  Time since last request: 13.153455 seconds.
  path: Assets/Packages/Sets - Gems/_Showcase
  artifactKey: Guid(29f65d68fd5aa40439758cdc50f9d2de) Importer(815301076,1909f56bfc062723c751e8b465ee728b)
Start importing Assets/Packages/Sets - Gems/_Showcase using Guid(29f65d68fd5aa40439758cdc50f9d2de) Importer(815301076,1909f56bfc062723c751e8b465ee728b)  -> (artifact id: '8eb19f935c4223fa9d1d0cc2afe5d73a') in 0.006215 seconds 
========================================================================
Received Import Request.
  Time since last request: 2.030072 seconds.
  path: Assets/Packages/Sets - Gems/Materials
  artifactKey: Guid(b8d236cd41b124c52bd8d4d51d456529) Importer(815301076,1909f56bfc062723c751e8b465ee728b)
Start importing Assets/Packages/Sets - Gems/Materials using Guid(b8d236cd41b124c52bd8d4d51d456529) Importer(815301076,1909f56bfc062723c751e8b465ee728b)  -> (artifact id: '71d291ed0e42456eb4acbf8f55847ee9') in 0.002462 seconds 
========================================================================
Received Import Request.
  Time since last request: 0.143044 seconds.
  path: Assets/Packages/Sets - Gems/Materials/gem - aquamraine.mat
  artifactKey: Guid(b254ca09f7e414a20b887047de186388) Importer(815301076,1909f56bfc062723c751e8b465ee728b)
Start importing Assets/Packages/Sets - Gems/Materials/gem - aquamraine.mat using Guid(b254ca09f7e414a20b887047de186388) Importer(815301076,1909f56bfc062723c751e8b465ee728b)  -> (artifact id: '46e6a9f63d1fa9dbdfe54fdab1abb7c0') in 0.078752 seconds 
========================================================================
Received Import Request.
  Time since last request: 0.000024 seconds.
  path: Assets/Packages/Sets - Gems/Materials/gem - pink.mat
  artifactKey: Guid(5d1489eaf7db44f7e843af34cc2072ae) Importer(815301076,1909f56bfc062723c751e8b465ee728b)
Start importing Assets/Packages/Sets - Gems/Materials/gem - pink.mat using Guid(5d1489eaf7db44f7e843af34cc2072ae) Importer(815301076,1909f56bfc062723c751e8b465ee728b)  -> (artifact id: 'c4c1a929a186911fa0c717cfe4eb4959') in 0.022522 seconds 
========================================================================
Received Import Request.
  Time since last request: 0.000021 seconds.
  path: Assets/Packages/Sets - Gems/Materials/gem - purple.mat
  artifactKey: Guid(4420954b0b3b541deaef8714e66582eb) Importer(815301076,1909f56bfc062723c751e8b465ee728b)
Start importing Assets/Packages/Sets - Gems/Materials/gem - purple.mat using Guid(4420954b0b3b541deaef8714e66582eb) Importer(815301076,1909f56bfc062723c751e8b465ee728b)  -> (artifact id: 'bb70fa2bb738b7bc0d2126ef2f301d89') in 0.023610 seconds 
========================================================================
Received Import Request.
  Time since last request: 0.000030 seconds.
  path: Assets/Packages/Sets - Gems/Materials/gem - crystal.mat
  artifactKey: Guid(a722d2c65daf14061810b5a413fc208e) Importer(815301076,1909f56bfc062723c751e8b465ee728b)
Start importing Assets/Packages/Sets - Gems/Materials/gem - crystal.mat using Guid(a722d2c65daf14061810b5a413fc208e) Importer(815301076,1909f56bfc062723c751e8b465ee728b)  -> (artifact id: '9126c058f667c6cefde8f9412bd58d3d') in 0.024574 seconds 
========================================================================
Received Import Request.
  Time since last request: 0.000023 seconds.
  path: Assets/Packages/Sets - Gems/Materials/gem - orange.mat
  artifactKey: Guid(0cc09147dbf0d456a9c6846c8dcad0d3) Importer(815301076,1909f56bfc062723c751e8b465ee728b)
Start importing Assets/Packages/Sets - Gems/Materials/gem - orange.mat using Guid(0cc09147dbf0d456a9c6846c8dcad0d3) Importer(815301076,1909f56bfc062723c751e8b465ee728b)  -> (artifact id: '72e49227b528d598a83787e5b8ab8f51') in 0.025922 seconds 
========================================================================
Received Import Request.
  Time since last request: 0.000027 seconds.
  path: Assets/Packages/Sets - Gems/Materials/gem - red.mat
  artifactKey: Guid(5b165a09fcc134ca6a6c2467abd6e36a) Importer(815301076,1909f56bfc062723c751e8b465ee728b)
Start importing Assets/Packages/Sets - Gems/Materials/gem - red.mat using Guid(5b165a09fcc134ca6a6c2467abd6e36a) Importer(815301076,1909f56bfc062723c751e8b465ee728b)  -> (artifact id: '35746bbc3c6f1522320b9c5cf5b41c1f') in 0.022202 seconds 
========================================================================
Received Import Request.
  Time since last request: 1.329299 seconds.
  path: Assets/Packages/Sets - Gems/Models
  artifactKey: Guid(1815ddd4cae4f46a0bb6c45244c6c7ee) Importer(815301076,1909f56bfc062723c751e8b465ee728b)
Start importing Assets/Packages/Sets - Gems/Models using Guid(1815ddd4cae4f46a0bb6c45244c6c7ee) Importer(815301076,1909f56bfc062723c751e8b465ee728b)  -> (artifact id: '2944ce924994704d27183ac3134fa25e') in 0.007624 seconds 
========================================================================
Received Import Request.
  Time since last request: 0.137817 seconds.
  path: Assets/Packages/Sets - Gems/Models/gem_01.fbx
  artifactKey: Guid(9cb17b9b14f7744f198fc9b36e9214ff) Importer(815301076,1909f56bfc062723c751e8b465ee728b)
Start importing Assets/Packages/Sets - Gems/Models/gem_01.fbx using Guid(9cb17b9b14f7744f198fc9b36e9214ff) Importer(815301076,1909f56bfc062723c751e8b465ee728b)  -> (artifact id: 'a327b5c818684366a4b62cd331b68ae0') in 0.125762 seconds 
========================================================================
Received Import Request.
  Time since last request: 0.000039 seconds.
  path: Assets/Packages/Sets - Gems/Models/gem_16.fbx
  artifactKey: Guid(f3557841372524d1283f68a4959d4f7f) Importer(815301076,1909f56bfc062723c751e8b465ee728b)
Start importing Assets/Packages/Sets - Gems/Models/gem_16.fbx using Guid(f3557841372524d1283f68a4959d4f7f) Importer(815301076,1909f56bfc062723c751e8b465ee728b)  -> (artifact id: '6976e2139c2035e827be348dfb4d7b32') in 0.016848 seconds 
========================================================================
Received Import Request.
  Time since last request: 0.000031 seconds.
  path: Assets/Packages/Sets - Gems/Models/gem_04.fbx
  artifactKey: Guid(12749e99d620c4aa0923fe97ba0de20c) Importer(815301076,1909f56bfc062723c751e8b465ee728b)
Start importing Assets/Packages/Sets - Gems/Models/gem_04.fbx using Guid(12749e99d620c4aa0923fe97ba0de20c) Importer(815301076,1909f56bfc062723c751e8b465ee728b)  -> (artifact id: '0233e95f213af496529d914cdbbb544f') in 0.020054 seconds 
========================================================================
Received Import Request.
  Time since last request: 0.000031 seconds.
  path: Assets/Packages/Sets - Gems/Models/gem_13.fbx
  artifactKey: Guid(e53910dd9ff52433db8fc7f84a2318bb) Importer(815301076,1909f56bfc062723c751e8b465ee728b)
Start importing Assets/Packages/Sets - Gems/Models/gem_13.fbx using Guid(e53910dd9ff52433db8fc7f84a2318bb) Importer(815301076,1909f56bfc062723c751e8b465ee728b)  -> (artifact id: '65f3e55079632b24dcdb8c9026337f05') in 0.023296 seconds 
========================================================================
Received Import Request.
  Time since last request: 0.000030 seconds.
  path: Assets/Packages/Sets - Gems/Models/gem_14.fbx
  artifactKey: Guid(4ee4ee93a9a684deca32b2f27ff174b0) Importer(815301076,1909f56bfc062723c751e8b465ee728b)
Start importing Assets/Packages/Sets - Gems/Models/gem_14.fbx using Guid(4ee4ee93a9a684deca32b2f27ff174b0) Importer(815301076,1909f56bfc062723c751e8b465ee728b)  -> (artifact id: 'a655f32a9fba171d1e58259e654c211e') in 0.018486 seconds 
========================================================================
Received Import Request.
  Time since last request: 0.000024 seconds.
  path: Assets/Packages/Sets - Gems/Models/gem_07.fbx
  artifactKey: Guid(04a69148d0283440c96e0a776ed3bf53) Importer(815301076,1909f56bfc062723c751e8b465ee728b)
Start importing Assets/Packages/Sets - Gems/Models/gem_07.fbx using Guid(04a69148d0283440c96e0a776ed3bf53) Importer(815301076,1909f56bfc062723c751e8b465ee728b)  -> (artifact id: '5ca5045d860cb17e46b15a9b01f2e9fa') in 0.017656 seconds 
========================================================================
Received Import Request.
  Time since last request: 0.000051 seconds.
  path: Assets/Packages/Sets - Gems/Models/gem_03.fbx
  artifactKey: Guid(068ee53e4d6204ab6a2d66eed454ab2f) Importer(815301076,1909f56bfc062723c751e8b465ee728b)
Start importing Assets/Packages/Sets - Gems/Models/gem_03.fbx using Guid(068ee53e4d6204ab6a2d66eed454ab2f) Importer(815301076,1909f56bfc062723c751e8b465ee728b)  -> (artifact id: '97eaf0ea63b11e799c3779d6508d154e') in 0.016418 seconds 
========================================================================
Received Import Request.
  Time since last request: 0.000023 seconds.
  path: Assets/Packages/Sets - Gems/Models/gem_11.fbx
  artifactKey: Guid(e2d766b2254344132b0a278bca3800e2) Importer(815301076,1909f56bfc062723c751e8b465ee728b)
Start importing Assets/Packages/Sets - Gems/Models/gem_11.fbx using Guid(e2d766b2254344132b0a278bca3800e2) Importer(815301076,1909f56bfc062723c751e8b465ee728b)  -> (artifact id: '9e17d13dd71f2786bd2175dfa0642ca8') in 0.020226 seconds 
========================================================================
Received Import Request.
  Time since last request: 0.000049 seconds.
  path: Assets/Packages/Sets - Gems/Models/gem_12.fbx
  artifactKey: Guid(93d39d1ec7ceb4c23b45d8100aef0db1) Importer(815301076,1909f56bfc062723c751e8b465ee728b)
Start importing Assets/Packages/Sets - Gems/Models/gem_12.fbx using Guid(93d39d1ec7ceb4c23b45d8100aef0db1) Importer(815301076,1909f56bfc062723c751e8b465ee728b)  -> (artifact id: '8a9949cc0fe56ed1fc4ba3a1b9195d1d') in 0.017318 seconds 
========================================================================
Received Import Request.
  Time since last request: 0.000022 seconds.
  path: Assets/Packages/Sets - Gems/Models/gem_15.fbx
  artifactKey: Guid(f1c41d4bf06864be4b4182a83cf3766a) Importer(815301076,1909f56bfc062723c751e8b465ee728b)
Start importing Assets/Packages/Sets - Gems/Models/gem_15.fbx using Guid(f1c41d4bf06864be4b4182a83cf3766a) Importer(815301076,1909f56bfc062723c751e8b465ee728b)  -> (artifact id: 'a354c8b655f0d88d3b33d3a64f1e6a70') in 0.019479 seconds 
========================================================================
Received Import Request.
  Time since last request: 170.895578 seconds.
  path: Assets/Packages/Sets - Gems/electricity.c4d
  artifactKey: Guid(1a502bfac0fe321409ee0b6c9260cb03) Importer(815301076,1909f56bfc062723c751e8b465ee728b)
Start importing Assets/Packages/Sets - Gems/electricity.c4d using Guid(1a502bfac0fe321409ee0b6c9260cb03) Importer(815301076,1909f56bfc062723c751e8b465ee728b) Assets/Packages/Sets - Gems/electricity.c4d: Unity no longer supports importing Cinema 4D files directly, but we're working with Maxon to make the experience better. To import Cinema 4D files, install Maxon's external importer. You can find more information on the Unity Forum: https://on.unity.com/c4d.

Please note that FBX files exported from Cinema4D are still supported.
 -> (artifact id: 'c13c7be251d30290bea412b2756e3f24') in 0.009256 seconds 
========================================================================
Received Import Request.
  Time since last request: 1456.512353 seconds.
  path: Assets/Packages/Sets - Gems/lightning .obj
  artifactKey: Guid(f0a1724757e065440b08173cb0afdeec) Importer(815301076,1909f56bfc062723c751e8b465ee728b)
Start importing Assets/Packages/Sets - Gems/lightning .obj using Guid(f0a1724757e065440b08173cb0afdeec) Importer(815301076,1909f56bfc062723c751e8b465ee728b)  -> (artifact id: '1df3543f3c296108b81c3fbc29afb9ae') in 0.043801 seconds 
========================================================================
Received Prepare
Registering precompiled user dll's ...
Registered in 0.007105 seconds.
Begin MonoManager ReloadAssembly
Symbol file LoadedFromMemory doesn't match image C:\Users\viore\Documents\GitHub\UnityPersonalProjects\JRV_VVV_PROJECT\Library\PackageCache\com.unity.visualscripting@1.7.8\Editor\VisualScripting.Core\Dependencies\YamlDotNet\Unity.VisualScripting.YamlDotNet.dll
Symbol file LoadedFromMemory doesn't match image C:\Users\viore\Documents\GitHub\UnityPersonalProjects\JRV_VVV_PROJECT\Library\PackageCache\com.unity.visualscripting@1.7.8\Editor\VisualScripting.Core\Dependencies\DotNetZip\Unity.VisualScripting.IonicZip.dll
Native extension for WindowsStandalone target not found
Native extension for WebGL target not found
Refreshing native plugins compatible for Editor in 0.82 ms, found 3 plugins.
Preloading 0 native plugins for Editor in 0.00 ms.
Mono: successfully reloaded assembly
- Completed reload, in  0.828 seconds
Domain Reload Profiling:
	ReloadAssembly (829ms)
		BeginReloadAssembly (119ms)
			ExecutionOrderSort (0ms)
			DisableScriptedObjects (4ms)
			BackupInstance (0ms)
			ReleaseScriptingObjects (0ms)
			CreateAndSetChildDomain (39ms)
		EndReloadAssembly (621ms)
			LoadAssemblies (72ms)
			RebuildTransferFunctionScriptingTraits (0ms)
			SetupTypeCache (193ms)
			ReleaseScriptCaches (1ms)
			RebuildScriptCaches (34ms)
			SetupLoadedEditorAssemblies (280ms)
				LogAssemblyErrors (0ms)
				InitializePlatformSupportModulesInManaged (13ms)
				SetLoadedEditorAssemblies (0ms)
				RefreshPlugins (1ms)
				BeforeProcessingInitializeOnLoad (52ms)
				ProcessInitializeOnLoadAttributes (186ms)
				ProcessInitializeOnLoadMethodAttributes (22ms)
				AfterProcessingInitializeOnLoad (6ms)
				EditorAssembliesLoaded (0ms)
			ExecutionOrderSort2 (0ms)
			AwakeInstancesAfterBackupRestoration (6ms)
Platform modules already initialized, skipping
Shader 'SimpleURPToonLitExample(With Outline)': fallback shader 'Hidden/Universal Render Pipeline/FallbackError' not found
Shader 'SimpleURPToonLitExample(With Outline)': fallback shader 'Hidden/Universal Render Pipeline/FallbackError' not found
Refreshing native plugins compatible for Editor in 2.50 ms, found 3 plugins.
Preloading 0 native plugins for Editor in 0.00 ms.
Unloading 3283 Unused Serialized files (Serialized files now loaded: 0)
Unloading 18 unused Assets / (118.1 KB). Loaded Objects now: 3840.
Memory consumption went from 124.7 MB to 124.6 MB.
Total: 3.618900 ms (FindLiveObjects: 0.277300 ms CreateObjectMapping: 0.099200 ms MarkObjects: 3.104600 ms  DeleteObjects: 0.136500 ms)

AssetImportParameters requested are different than current active one (requested -> active):
  custom:video-decoder-ogg-theora: a1e56fd34408186e4bbccfd4996cb3dc -> 
  custom:container-muxer-webm: aa71ff27fc2769a1b78a27578f13a17b -> 
  custom:container-demuxer-webm: 4f35f7cbe854078d1ac9338744f61a02 -> 
  custom:video-encoder-webm-vp8: eb34c28f22e8b96e1ab97ce403110664 -> 
  custom:audio-encoder-webm-vorbis: bf7c407c2cedff20999df2af8eb42d56 -> 
  custom:framework-win-MediaFoundation: 216162199b28c13a410421893ffa2e32 -> 
  custom:container-demuxer-ogg: 62fdf1f143b41e24485cea50d1cbac27 -> 
  custom:video-decoder-webm-vp8: 9c59270c3fd7afecdb556c50c9e8de78 -> 
  custom:audio-decoder-ogg-vorbis: bf7c407c2cedff20999df2af8eb42d56 -> 
========================================================================
Received Prepare
Registering precompiled user dll's ...
Registered in 0.005306 seconds.
Begin MonoManager ReloadAssembly
Symbol file LoadedFromMemory doesn't match image C:\Users\viore\Documents\GitHub\UnityPersonalProjects\JRV_VVV_PROJECT\Library\PackageCache\com.unity.visualscripting@1.7.8\Editor\VisualScripting.Core\Dependencies\YamlDotNet\Unity.VisualScripting.YamlDotNet.dll
Symbol file LoadedFromMemory doesn't match image C:\Users\viore\Documents\GitHub\UnityPersonalProjects\JRV_VVV_PROJECT\Library\PackageCache\com.unity.visualscripting@1.7.8\Editor\VisualScripting.Core\Dependencies\DotNetZip\Unity.VisualScripting.IonicZip.dll
Native extension for WindowsStandalone target not found
Native extension for WebGL target not found
Refreshing native plugins compatible for Editor in 1.26 ms, found 3 plugins.
Preloading 0 native plugins for Editor in 0.00 ms.
Mono: successfully reloaded assembly
- Completed reload, in  0.908 seconds
Domain Reload Profiling:
	ReloadAssembly (909ms)
		BeginReloadAssembly (121ms)
			ExecutionOrderSort (0ms)
			DisableScriptedObjects (6ms)
			BackupInstance (0ms)
			ReleaseScriptingObjects (0ms)
			CreateAndSetChildDomain (35ms)
		EndReloadAssembly (690ms)
			LoadAssemblies (81ms)
			RebuildTransferFunctionScriptingTraits (0ms)
			SetupTypeCache (217ms)
			ReleaseScriptCaches (1ms)
			RebuildScriptCaches (37ms)
			SetupLoadedEditorAssemblies (316ms)
				LogAssemblyErrors (0ms)
				InitializePlatformSupportModulesInManaged (16ms)
				SetLoadedEditorAssemblies (1ms)
				RefreshPlugins (1ms)
				BeforeProcessingInitializeOnLoad (64ms)
				ProcessInitializeOnLoadAttributes (204ms)
				ProcessInitializeOnLoadMethodAttributes (24ms)
				AfterProcessingInitializeOnLoad (5ms)
				EditorAssembliesLoaded (0ms)
			ExecutionOrderSort2 (0ms)
			AwakeInstancesAfterBackupRestoration (6ms)
Platform modules already initialized, skipping
Shader 'SimpleURPToonLitExample(With Outline)': fallback shader 'Hidden/Universal Render Pipeline/FallbackError' not found
Shader 'SimpleURPToonLitExample(With Outline)': fallback shader 'Hidden/Universal Render Pipeline/FallbackError' not found
Refreshing native plugins compatible for Editor in 2.57 ms, found 3 plugins.
Preloading 0 native plugins for Editor in 0.00 ms.
Unloading 3282 Unused Serialized files (Serialized files now loaded: 0)
Unloading 18 unused Assets / (118.2 KB). Loaded Objects now: 3843.
Memory consumption went from 124.6 MB to 124.5 MB.
Total: 4.131800 ms (FindLiveObjects: 0.321300 ms CreateObjectMapping: 0.114700 ms MarkObjects: 3.535800 ms  DeleteObjects: 0.158600 ms)

AssetImportParameters requested are different than current active one (requested -> active):
  custom:video-decoder-ogg-theora: a1e56fd34408186e4bbccfd4996cb3dc -> 
  custom:container-muxer-webm: aa71ff27fc2769a1b78a27578f13a17b -> 
  custom:container-demuxer-webm: 4f35f7cbe854078d1ac9338744f61a02 -> 
  custom:video-encoder-webm-vp8: eb34c28f22e8b96e1ab97ce403110664 -> 
  custom:audio-encoder-webm-vorbis: bf7c407c2cedff20999df2af8eb42d56 -> 
  custom:framework-win-MediaFoundation: 216162199b28c13a410421893ffa2e32 -> 
  custom:container-demuxer-ogg: 62fdf1f143b41e24485cea50d1cbac27 -> 
  custom:video-decoder-webm-vp8: 9c59270c3fd7afecdb556c50c9e8de78 -> 
  custom:audio-decoder-ogg-vorbis: bf7c407c2cedff20999df2af8eb42d56 -> 
========================================================================
Received Prepare
Registering precompiled user dll's ...
Registered in 0.008183 seconds.
Begin MonoManager ReloadAssembly
Symbol file LoadedFromMemory doesn't match image C:\Users\viore\Documents\GitHub\UnityPersonalProjects\JRV_VVV_PROJECT\Library\PackageCache\com.unity.visualscripting@1.7.8\Editor\VisualScripting.Core\Dependencies\YamlDotNet\Unity.VisualScripting.YamlDotNet.dll
Symbol file LoadedFromMemory doesn't match image C:\Users\viore\Documents\GitHub\UnityPersonalProjects\JRV_VVV_PROJECT\Library\PackageCache\com.unity.visualscripting@1.7.8\Editor\VisualScripting.Core\Dependencies\DotNetZip\Unity.VisualScripting.IonicZip.dll
Native extension for WindowsStandalone target not found
Native extension for WebGL target not found
Refreshing native plugins compatible for Editor in 1.50 ms, found 3 plugins.
Preloading 0 native plugins for Editor in 0.00 ms.
Mono: successfully reloaded assembly
- Completed reload, in  1.060 seconds
Domain Reload Profiling:
	ReloadAssembly (1061ms)
		BeginReloadAssembly (129ms)
			ExecutionOrderSort (0ms)
			DisableScriptedObjects (6ms)
			BackupInstance (0ms)
			ReleaseScriptingObjects (0ms)
			CreateAndSetChildDomain (40ms)
		EndReloadAssembly (832ms)
			LoadAssemblies (81ms)
			RebuildTransferFunctionScriptingTraits (0ms)
			SetupTypeCache (294ms)
			ReleaseScriptCaches (2ms)
			RebuildScriptCaches (40ms)
			SetupLoadedEditorAssemblies (348ms)
				LogAssemblyErrors (0ms)
				InitializePlatformSupportModulesInManaged (20ms)
				SetLoadedEditorAssemblies (1ms)
				RefreshPlugins (2ms)
				BeforeProcessingInitializeOnLoad (64ms)
				ProcessInitializeOnLoadAttributes (228ms)
				ProcessInitializeOnLoadMethodAttributes (28ms)
				AfterProcessingInitializeOnLoad (6ms)
				EditorAssembliesLoaded (0ms)
			ExecutionOrderSort2 (0ms)
			AwakeInstancesAfterBackupRestoration (8ms)
Platform modules already initialized, skipping
Shader 'SimpleURPToonLitExample(With Outline)': fallback shader 'Hidden/Universal Render Pipeline/FallbackError' not found
Shader 'SimpleURPToonLitExample(With Outline)': fallback shader 'Hidden/Universal Render Pipeline/FallbackError' not found
Refreshing native plugins compatible for Editor in 4.04 ms, found 3 plugins.
Preloading 0 native plugins for Editor in 0.00 ms.
Unloading 3282 Unused Serialized files (Serialized files now loaded: 0)
Unloading 18 unused Assets / (118.2 KB). Loaded Objects now: 3846.
Memory consumption went from 124.6 MB to 124.5 MB.
Total: 3.657800 ms (FindLiveObjects: 0.248800 ms CreateObjectMapping: 0.097900 ms MarkObjects: 3.142900 ms  DeleteObjects: 0.167200 ms)

AssetImportParameters requested are different than current active one (requested -> active):
  custom:video-decoder-ogg-theora: a1e56fd34408186e4bbccfd4996cb3dc -> 
  custom:container-muxer-webm: aa71ff27fc2769a1b78a27578f13a17b -> 
  custom:container-demuxer-webm: 4f35f7cbe854078d1ac9338744f61a02 -> 
  custom:video-encoder-webm-vp8: eb34c28f22e8b96e1ab97ce403110664 -> 
  custom:audio-encoder-webm-vorbis: bf7c407c2cedff20999df2af8eb42d56 -> 
  custom:framework-win-MediaFoundation: 216162199b28c13a410421893ffa2e32 -> 
  custom:container-demuxer-ogg: 62fdf1f143b41e24485cea50d1cbac27 -> 
  custom:video-decoder-webm-vp8: 9c59270c3fd7afecdb556c50c9e8de78 -> 
  custom:audio-decoder-ogg-vorbis: bf7c407c2cedff20999df2af8eb42d56 -> 
========================================================================
Received Import Request.
  Time since last request: 329.226185 seconds.
  path: Assets/Sprites
  artifactKey: Guid(9cdea5061981541419d0191a3e87826b) Importer(815301076,1909f56bfc062723c751e8b465ee728b)
Start importing Assets/Sprites using Guid(9cdea5061981541419d0191a3e87826b) Importer(815301076,1909f56bfc062723c751e8b465ee728b)  -> (artifact id: '44f4210003ec953868bcf720f9fcde7b') in 0.013111 seconds 
========================================================================
Received Import Request.
  Time since last request: 0.131002 seconds.
  path: Assets/Sprites/Diamond.png
  artifactKey: Guid(02d9883fe6ce23545a43a82f7d496a2b) Importer(815301076,1909f56bfc062723c751e8b465ee728b)
Start importing Assets/Sprites/Diamond.png using Guid(02d9883fe6ce23545a43a82f7d496a2b) Importer(815301076,1909f56bfc062723c751e8b465ee728b)  -> (artifact id: '24b6b31f03ba4e87ca4a5f90e30437d9') in 0.072815 seconds 
========================================================================
Received Import Request.
  Time since last request: 0.000021 seconds.
  path: Assets/Sprites/rectagle.png
  artifactKey: Guid(afc3efaebcf8e41e1b69c3d8d268b421) Importer(815301076,1909f56bfc062723c751e8b465ee728b)
Start importing Assets/Sprites/rectagle.png using Guid(afc3efaebcf8e41e1b69c3d8d268b421) Importer(815301076,1909f56bfc062723c751e8b465ee728b)  -> (artifact id: 'c567e73e028436d7abdd58318682ab2a') in 0.090037 seconds 
========================================================================
Received Import Request.
  Time since last request: 0.000039 seconds.
  path: Assets/Sprites/playerHead.png
  artifactKey: Guid(08b92cb9826ab45fda1a7a2b39a56390) Importer(815301076,1909f56bfc062723c751e8b465ee728b)
Start importing Assets/Sprites/playerHead.png using Guid(08b92cb9826ab45fda1a7a2b39a56390) Importer(815301076,1909f56bfc062723c751e8b465ee728b)  -> (artifact id: 'eff745d3dac85e6da8f1f02dad19d095') in 0.043979 seconds 
========================================================================
Received Import Request.
  Time since last request: 0.000043 seconds.
  path: Assets/Sprites/square.png
  artifactKey: Guid(a6dba46acb35a4870af3270e57650ac0) Importer(815301076,1909f56bfc062723c751e8b465ee728b)
Start importing Assets/Sprites/square.png using Guid(a6dba46acb35a4870af3270e57650ac0) Importer(815301076,1909f56bfc062723c751e8b465ee728b)  -> (artifact id: '1d4f76204e25546c15ef0cd9f32d428f') in 0.027500 seconds 
========================================================================
Received Import Request.
  Time since last request: 0.000023 seconds.
  path: Assets/Sprites/stone_pattern5.jpg
  artifactKey: Guid(27215dc65bbac49cf9cb9bfb480960bd) Importer(815301076,1909f56bfc062723c751e8b465ee728b)
Start importing Assets/Sprites/stone_pattern5.jpg using Guid(27215dc65bbac49cf9cb9bfb480960bd) Importer(815301076,1909f56bfc062723c751e8b465ee728b)  -> (artifact id: '0616ad1467ea2e82fe453690f7d6fe77') in 0.031674 seconds 
========================================================================
Received Import Request.
  Time since last request: 0.000027 seconds.
  path: Assets/Sprites/playerHead2.png
  artifactKey: Guid(f603fbd7d2bea481399107f58e3508b5) Importer(815301076,1909f56bfc062723c751e8b465ee728b)
Start importing Assets/Sprites/playerHead2.png using Guid(f603fbd7d2bea481399107f58e3508b5) Importer(815301076,1909f56bfc062723c751e8b465ee728b)  -> (artifact id: '6ce78cc3b45fc6c2209af7a284ba5f0e') in 0.082612 seconds 
========================================================================
Received Import Request.
  Time since last request: 8.399069 seconds.
  path: Assets/lightning .obj
  artifactKey: Guid(da557f92197a79c44a5c0fdd2902e0e7) Importer(815301076,1909f56bfc062723c751e8b465ee728b)
Start importing Assets/lightning .obj using Guid(da557f92197a79c44a5c0fdd2902e0e7) Importer(815301076,1909f56bfc062723c751e8b465ee728b)  -> (artifact id: 'a9f33460b4490cba35dccac5d357cdb7') in 0.078072 seconds 
========================================================================
Received Import Request.
  Time since last request: 2.576225 seconds.
  path: Assets/3D Objects
  artifactKey: Guid(da53945b3c20ffa48b0e6ade0e04ccf0) Importer(815301076,1909f56bfc062723c751e8b465ee728b)
Start importing Assets/3D Objects using Guid(da53945b3c20ffa48b0e6ade0e04ccf0) Importer(815301076,1909f56bfc062723c751e8b465ee728b)  -> (artifact id: 'f43e6925096f9f4b254f288acc6d991a') in 0.006564 seconds 
========================================================================
Received Import Request.
  Time since last request: 0.138067 seconds.
  path: Assets/3D Objects/Arena Color.fbx
  artifactKey: Guid(5fe6d4084ce25d2479b34a2ead424a59) Importer(815301076,1909f56bfc062723c751e8b465ee728b)
Start importing Assets/3D Objects/Arena Color.fbx using Guid(5fe6d4084ce25d2479b34a2ead424a59) Importer(815301076,1909f56bfc062723c751e8b465ee728b)  -> (artifact id: 'f18d9697e86a0f035f61fb223cca4d18') in 0.087443 seconds 
========================================================================
Received Import Request.
  Time since last request: 0.880180 seconds.
  path: Assets/3D Objects/CharacterS
  artifactKey: Guid(d3f66104fa1459746b21b98775f8f6ec) Importer(815301076,1909f56bfc062723c751e8b465ee728b)
Start importing Assets/3D Objects/CharacterS using Guid(d3f66104fa1459746b21b98775f8f6ec) Importer(815301076,1909f56bfc062723c751e8b465ee728b)  -> (artifact id: 'cd5d0e6ab16eaff7dbfe34af8a1b877f') in 0.007468 seconds 
========================================================================
Received Import Request.
  Time since last request: 0.136542 seconds.
  path: Assets/3D Objects/CharacterS/Slime_01.prefab
  artifactKey: Guid(3a8df44f4f11e83489ca86257c6c92a4) Importer(815301076,1909f56bfc062723c751e8b465ee728b)
Start importing Assets/3D Objects/CharacterS/Slime_01.prefab using Guid(3a8df44f4f11e83489ca86257c6c92a4) Importer(815301076,1909f56bfc062723c751e8b465ee728b)  -> (artifact id: 'cbed3d1bc31e3564a9996424f2bc6244') in 0.137578 seconds 
========================================================================
Received Import Request.
  Time since last request: 0.000025 seconds.
  path: Assets/3D Objects/CharacterS/Slime_03 Sprout.prefab
  artifactKey: Guid(469de62cde9891742b747875814c6fdc) Importer(815301076,1909f56bfc062723c751e8b465ee728b)
Start importing Assets/3D Objects/CharacterS/Slime_03 Sprout.prefab using Guid(469de62cde9891742b747875814c6fdc) Importer(815301076,1909f56bfc062723c751e8b465ee728b)  -> (artifact id: '3e2f847ed9981b809cd58ca0904713bb') in 0.030942 seconds 
========================================================================
Received Import Request.
  Time since last request: 0.000024 seconds.
  path: Assets/3D Objects/CharacterS/Slime_03 Leaf.prefab
  artifactKey: Guid(2fabe1d728bd5724a9e9e6d54d83aa2a) Importer(815301076,1909f56bfc062723c751e8b465ee728b)
Start importing Assets/3D Objects/CharacterS/Slime_03 Leaf.prefab using Guid(2fabe1d728bd5724a9e9e6d54d83aa2a) Importer(815301076,1909f56bfc062723c751e8b465ee728b)  -> (artifact id: '730f37a14106cca2d228be01102d3c4a') in 0.041317 seconds 
========================================================================
Received Import Request.
  Time since last request: 0.000035 seconds.
  path: Assets/3D Objects/CharacterS/Slime_01_MeltalHelmet.prefab
  artifactKey: Guid(37db1136cd3420d40bf140206d60efbf) Importer(815301076,1909f56bfc062723c751e8b465ee728b)
Start importing Assets/3D Objects/CharacterS/Slime_01_MeltalHelmet.prefab using Guid(37db1136cd3420d40bf140206d60efbf) Importer(815301076,1909f56bfc062723c751e8b465ee728b)  -> (artifact id: '41f6e8767f9ad7bfe0f8bd426f4e9ffc') in 0.023179 seconds 
========================================================================
Received Import Request.
  Time since last request: 4.329428 seconds.
  path: Assets/Fonts/cute_notes
  artifactKey: Guid(64db82f2575cd45fa83cf8ca640c6c85) Importer(815301076,1909f56bfc062723c751e8b465ee728b)
Start importing Assets/Fonts/cute_notes using Guid(64db82f2575cd45fa83cf8ca640c6c85) Importer(815301076,1909f56bfc062723c751e8b465ee728b)  -> (artifact id: '785a94be1a59dd31e7d300d13e977911') in 0.006727 seconds 
========================================================================
Received Import Request.
  Time since last request: 0.136996 seconds.
  path: Assets/Fonts/cute_notes/Cute Notes.ttf
  artifactKey: Guid(457164dff4cd64b7f9bfa1ed2cb37ac7) Importer(815301076,1909f56bfc062723c751e8b465ee728b)
Start importing Assets/Fonts/cute_notes/Cute Notes.ttf using Guid(457164dff4cd64b7f9bfa1ed2cb37ac7) Importer(815301076,1909f56bfc062723c751e8b465ee728b)  -> (artifact id: '17e9f740b66e470bc433b6392b4e84f9') in 0.075488 seconds 
========================================================================
Received Prepare
Registering precompiled user dll's ...
Registered in 0.006334 seconds.
Begin MonoManager ReloadAssembly
Symbol file LoadedFromMemory doesn't match image C:\Users\viore\Documents\GitHub\UnityPersonalProjects\JRV_VVV_PROJECT\Library\PackageCache\com.unity.visualscripting@1.7.8\Editor\VisualScripting.Core\Dependencies\YamlDotNet\Unity.VisualScripting.YamlDotNet.dll
Symbol file LoadedFromMemory doesn't match image C:\Users\viore\Documents\GitHub\UnityPersonalProjects\JRV_VVV_PROJECT\Library\PackageCache\com.unity.visualscripting@1.7.8\Editor\VisualScripting.Core\Dependencies\DotNetZip\Unity.VisualScripting.IonicZip.dll
Native extension for WindowsStandalone target not found
Native extension for WebGL target not found
Refreshing native plugins compatible for Editor in 0.83 ms, found 3 plugins.
Preloading 0 native plugins for Editor in 0.00 ms.
Mono: successfully reloaded assembly
- Completed reload, in  0.862 seconds
Domain Reload Profiling:
	ReloadAssembly (863ms)
		BeginReloadAssembly (120ms)
			ExecutionOrderSort (0ms)
			DisableScriptedObjects (4ms)
			BackupInstance (0ms)
			ReleaseScriptingObjects (0ms)
			CreateAndSetChildDomain (38ms)
		EndReloadAssembly (656ms)
			LoadAssemblies (76ms)
			RebuildTransferFunctionScriptingTraits (0ms)
			SetupTypeCache (208ms)
			ReleaseScriptCaches (1ms)
			RebuildScriptCaches (33ms)
			SetupLoadedEditorAssemblies (297ms)
				LogAssemblyErrors (0ms)
				InitializePlatformSupportModulesInManaged (16ms)
				SetLoadedEditorAssemblies (0ms)
				RefreshPlugins (1ms)
				BeforeProcessingInitializeOnLoad (54ms)
				ProcessInitializeOnLoadAttributes (195ms)
				ProcessInitializeOnLoadMethodAttributes (24ms)
				AfterProcessingInitializeOnLoad (6ms)
				EditorAssembliesLoaded (0ms)
			ExecutionOrderSort2 (0ms)
			AwakeInstancesAfterBackupRestoration (6ms)
Platform modules already initialized, skipping
Shader 'SimpleURPToonLitExample(With Outline)': fallback shader 'Hidden/Universal Render Pipeline/FallbackError' not found
Shader 'SimpleURPToonLitExample(With Outline)': fallback shader 'Hidden/Universal Render Pipeline/FallbackError' not found
Refreshing native plugins compatible for Editor in 2.53 ms, found 3 plugins.
Preloading 0 native plugins for Editor in 0.00 ms.
Unloading 3282 Unused Serialized files (Serialized files now loaded: 0)
Unloading 18 unused Assets / (118.2 KB). Loaded Objects now: 3867.
Memory consumption went from 124.8 MB to 124.7 MB.
Total: 3.240500 ms (FindLiveObjects: 0.249300 ms CreateObjectMapping: 0.084600 ms MarkObjects: 2.756400 ms  DeleteObjects: 0.149300 ms)

AssetImportParameters requested are different than current active one (requested -> active):
  custom:video-decoder-ogg-theora: a1e56fd34408186e4bbccfd4996cb3dc -> 
  custom:container-muxer-webm: aa71ff27fc2769a1b78a27578f13a17b -> 
  custom:container-demuxer-webm: 4f35f7cbe854078d1ac9338744f61a02 -> 
  custom:video-encoder-webm-vp8: eb34c28f22e8b96e1ab97ce403110664 -> 
  custom:audio-encoder-webm-vorbis: bf7c407c2cedff20999df2af8eb42d56 -> 
  custom:framework-win-MediaFoundation: 216162199b28c13a410421893ffa2e32 -> 
  custom:container-demuxer-ogg: 62fdf1f143b41e24485cea50d1cbac27 -> 
  custom:video-decoder-webm-vp8: 9c59270c3fd7afecdb556c50c9e8de78 -> 
  custom:audio-decoder-ogg-vorbis: bf7c407c2cedff20999df2af8eb42d56 -> 
========================================================================
Received Prepare
Registering precompiled user dll's ...
Registered in 0.006182 seconds.
Begin MonoManager ReloadAssembly
Symbol file LoadedFromMemory doesn't match image C:\Users\viore\Documents\GitHub\UnityPersonalProjects\JRV_VVV_PROJECT\Library\PackageCache\com.unity.visualscripting@1.7.8\Editor\VisualScripting.Core\Dependencies\YamlDotNet\Unity.VisualScripting.YamlDotNet.dll
Symbol file LoadedFromMemory doesn't match image C:\Users\viore\Documents\GitHub\UnityPersonalProjects\JRV_VVV_PROJECT\Library\PackageCache\com.unity.visualscripting@1.7.8\Editor\VisualScripting.Core\Dependencies\DotNetZip\Unity.VisualScripting.IonicZip.dll
Native extension for WindowsStandalone target not found
Native extension for WebGL target not found
Refreshing native plugins compatible for Editor in 0.80 ms, found 3 plugins.
Preloading 0 native plugins for Editor in 0.00 ms.
Mono: successfully reloaded assembly
- Completed reload, in  0.843 seconds
Domain Reload Profiling:
	ReloadAssembly (844ms)
		BeginReloadAssembly (121ms)
			ExecutionOrderSort (0ms)
			DisableScriptedObjects (5ms)
			BackupInstance (0ms)
			ReleaseScriptingObjects (0ms)
			CreateAndSetChildDomain (35ms)
		EndReloadAssembly (635ms)
			LoadAssemblies (79ms)
			RebuildTransferFunctionScriptingTraits (0ms)
			SetupTypeCache (200ms)
			ReleaseScriptCaches (1ms)
			RebuildScriptCaches (34ms)
			SetupLoadedEditorAssemblies (283ms)
				LogAssemblyErrors (0ms)
				InitializePlatformSupportModulesInManaged (12ms)
				SetLoadedEditorAssemblies (1ms)
				RefreshPlugins (1ms)
				BeforeProcessingInitializeOnLoad (51ms)
				ProcessInitializeOnLoadAttributes (188ms)
				ProcessInitializeOnLoadMethodAttributes (24ms)
				AfterProcessingInitializeOnLoad (6ms)
				EditorAssembliesLoaded (0ms)
			ExecutionOrderSort2 (0ms)
			AwakeInstancesAfterBackupRestoration (6ms)
Platform modules already initialized, skipping
Shader 'SimpleURPToonLitExample(With Outline)': fallback shader 'Hidden/Universal Render Pipeline/FallbackError' not found
Shader 'SimpleURPToonLitExample(With Outline)': fallback shader 'Hidden/Universal Render Pipeline/FallbackError' not found
Refreshing native plugins compatible for Editor in 2.64 ms, found 3 plugins.
Preloading 0 native plugins for Editor in 0.00 ms.
Unloading 3282 Unused Serialized files (Serialized files now loaded: 0)
Unloading 18 unused Assets / (118.2 KB). Loaded Objects now: 3870.
Memory consumption went from 124.8 MB to 124.7 MB.
Total: 5.368900 ms (FindLiveObjects: 0.432200 ms CreateObjectMapping: 0.128500 ms MarkObjects: 4.617800 ms  DeleteObjects: 0.189000 ms)

AssetImportParameters requested are different than current active one (requested -> active):
  custom:video-decoder-ogg-theora: a1e56fd34408186e4bbccfd4996cb3dc -> 
  custom:container-muxer-webm: aa71ff27fc2769a1b78a27578f13a17b -> 
  custom:container-demuxer-webm: 4f35f7cbe854078d1ac9338744f61a02 -> 
  custom:video-encoder-webm-vp8: eb34c28f22e8b96e1ab97ce403110664 -> 
  custom:audio-encoder-webm-vorbis: bf7c407c2cedff20999df2af8eb42d56 -> 
  custom:framework-win-MediaFoundation: 216162199b28c13a410421893ffa2e32 -> 
  custom:container-demuxer-ogg: 62fdf1f143b41e24485cea50d1cbac27 -> 
  custom:video-decoder-webm-vp8: 9c59270c3fd7afecdb556c50c9e8de78 -> 
  custom:audio-decoder-ogg-vorbis: bf7c407c2cedff20999df2af8eb42d56 -> 
========================================================================
Received Prepare
Registering precompiled user dll's ...
Registered in 0.005993 seconds.
Begin MonoManager ReloadAssembly
Symbol file LoadedFromMemory doesn't match image C:\Users\viore\Documents\GitHub\UnityPersonalProjects\JRV_VVV_PROJECT\Library\PackageCache\com.unity.visualscripting@1.7.8\Editor\VisualScripting.Core\Dependencies\YamlDotNet\Unity.VisualScripting.YamlDotNet.dll
Symbol file LoadedFromMemory doesn't match image C:\Users\viore\Documents\GitHub\UnityPersonalProjects\JRV_VVV_PROJECT\Library\PackageCache\com.unity.visualscripting@1.7.8\Editor\VisualScripting.Core\Dependencies\DotNetZip\Unity.VisualScripting.IonicZip.dll
Native extension for WindowsStandalone target not found
Native extension for WebGL target not found
Refreshing native plugins compatible for Editor in 0.93 ms, found 3 plugins.
Preloading 0 native plugins for Editor in 0.00 ms.
Mono: successfully reloaded assembly
- Completed reload, in  0.826 seconds
Domain Reload Profiling:
	ReloadAssembly (827ms)
		BeginReloadAssembly (118ms)
			ExecutionOrderSort (0ms)
			DisableScriptedObjects (5ms)
			BackupInstance (0ms)
			ReleaseScriptingObjects (0ms)
			CreateAndSetChildDomain (33ms)
		EndReloadAssembly (616ms)
			LoadAssemblies (75ms)
			RebuildTransferFunctionScriptingTraits (0ms)
			SetupTypeCache (189ms)
			ReleaseScriptCaches (1ms)
			RebuildScriptCaches (32ms)
			SetupLoadedEditorAssemblies (283ms)
				LogAssemblyErrors (0ms)
				InitializePlatformSupportModulesInManaged (12ms)
				SetLoadedEditorAssemblies (0ms)
				RefreshPlugins (1ms)
				BeforeProcessingInitializeOnLoad (52ms)
				ProcessInitializeOnLoadAttributes (189ms)
				ProcessInitializeOnLoadMethodAttributes (24ms)
				AfterProcessingInitializeOnLoad (5ms)
				EditorAssembliesLoaded (0ms)
			ExecutionOrderSort2 (0ms)
			AwakeInstancesAfterBackupRestoration (5ms)
Platform modules already initialized, skipping
Shader 'SimpleURPToonLitExample(With Outline)': fallback shader 'Hidden/Universal Render Pipeline/FallbackError' not found
Shader 'SimpleURPToonLitExample(With Outline)': fallback shader 'Hidden/Universal Render Pipeline/FallbackError' not found
Refreshing native plugins compatible for Editor in 1.99 ms, found 3 plugins.
Preloading 0 native plugins for Editor in 0.00 ms.
Unloading 3282 Unused Serialized files (Serialized files now loaded: 0)
Unloading 18 unused Assets / (118.0 KB). Loaded Objects now: 3873.
Memory consumption went from 124.8 MB to 124.7 MB.
Total: 4.246300 ms (FindLiveObjects: 0.369100 ms CreateObjectMapping: 0.221400 ms MarkObjects: 3.507400 ms  DeleteObjects: 0.147300 ms)

AssetImportParameters requested are different than current active one (requested -> active):
  custom:video-decoder-ogg-theora: a1e56fd34408186e4bbccfd4996cb3dc -> 
  custom:container-muxer-webm: aa71ff27fc2769a1b78a27578f13a17b -> 
  custom:container-demuxer-webm: 4f35f7cbe854078d1ac9338744f61a02 -> 
  custom:video-encoder-webm-vp8: eb34c28f22e8b96e1ab97ce403110664 -> 
  custom:audio-encoder-webm-vorbis: bf7c407c2cedff20999df2af8eb42d56 -> 
  custom:framework-win-MediaFoundation: 216162199b28c13a410421893ffa2e32 -> 
  custom:container-demuxer-ogg: 62fdf1f143b41e24485cea50d1cbac27 -> 
  custom:video-decoder-webm-vp8: 9c59270c3fd7afecdb556c50c9e8de78 -> 
  custom:audio-decoder-ogg-vorbis: bf7c407c2cedff20999df2af8eb42d56 -> 
========================================================================
Received Prepare
Registering precompiled user dll's ...
Registered in 0.006192 seconds.
Begin MonoManager ReloadAssembly
Symbol file LoadedFromMemory doesn't match image C:\Users\viore\Documents\GitHub\UnityPersonalProjects\JRV_VVV_PROJECT\Library\PackageCache\com.unity.visualscripting@1.7.8\Editor\VisualScripting.Core\Dependencies\YamlDotNet\Unity.VisualScripting.YamlDotNet.dll
Symbol file LoadedFromMemory doesn't match image C:\Users\viore\Documents\GitHub\UnityPersonalProjects\JRV_VVV_PROJECT\Library\PackageCache\com.unity.visualscripting@1.7.8\Editor\VisualScripting.Core\Dependencies\DotNetZip\Unity.VisualScripting.IonicZip.dll
Native extension for WindowsStandalone target not found
Native extension for WebGL target not found
Refreshing native plugins compatible for Editor in 0.82 ms, found 3 plugins.
Preloading 0 native plugins for Editor in 0.00 ms.
Mono: successfully reloaded assembly
- Completed reload, in  0.886 seconds
Domain Reload Profiling:
	ReloadAssembly (886ms)
		BeginReloadAssembly (134ms)
			ExecutionOrderSort (0ms)
			DisableScriptedObjects (6ms)
			BackupInstance (0ms)
			ReleaseScriptingObjects (0ms)
			CreateAndSetChildDomain (38ms)
		EndReloadAssembly (652ms)
			LoadAssemblies (83ms)
			RebuildTransferFunctionScriptingTraits (0ms)
			SetupTypeCache (208ms)
			ReleaseScriptCaches (1ms)
			RebuildScriptCaches (38ms)
			SetupLoadedEditorAssemblies (293ms)
				LogAssemblyErrors (0ms)
				InitializePlatformSupportModulesInManaged (15ms)
				SetLoadedEditorAssemblies (0ms)
				RefreshPlugins (1ms)
				BeforeProcessingInitializeOnLoad (53ms)
				ProcessInitializeOnLoadAttributes (192ms)
				ProcessInitializeOnLoadMethodAttributes (26ms)
				AfterProcessingInitializeOnLoad (6ms)
				EditorAssembliesLoaded (0ms)
			ExecutionOrderSort2 (0ms)
			AwakeInstancesAfterBackupRestoration (6ms)
Platform modules already initialized, skipping
Shader 'SimpleURPToonLitExample(With Outline)': fallback shader 'Hidden/Universal Render Pipeline/FallbackError' not found
Shader 'SimpleURPToonLitExample(With Outline)': fallback shader 'Hidden/Universal Render Pipeline/FallbackError' not found
Refreshing native plugins compatible for Editor in 2.76 ms, found 3 plugins.
Preloading 0 native plugins for Editor in 0.00 ms.
Unloading 3282 Unused Serialized files (Serialized files now loaded: 0)
Unloading 18 unused Assets / (118.2 KB). Loaded Objects now: 3876.
Memory consumption went from 124.8 MB to 124.7 MB.
Total: 3.180200 ms (FindLiveObjects: 0.267400 ms CreateObjectMapping: 0.109600 ms MarkObjects: 2.665000 ms  DeleteObjects: 0.137100 ms)

AssetImportParameters requested are different than current active one (requested -> active):
  custom:video-decoder-ogg-theora: a1e56fd34408186e4bbccfd4996cb3dc -> 
  custom:container-muxer-webm: aa71ff27fc2769a1b78a27578f13a17b -> 
  custom:container-demuxer-webm: 4f35f7cbe854078d1ac9338744f61a02 -> 
  custom:video-encoder-webm-vp8: eb34c28f22e8b96e1ab97ce403110664 -> 
  custom:audio-encoder-webm-vorbis: bf7c407c2cedff20999df2af8eb42d56 -> 
  custom:framework-win-MediaFoundation: 216162199b28c13a410421893ffa2e32 -> 
  custom:container-demuxer-ogg: 62fdf1f143b41e24485cea50d1cbac27 -> 
  custom:video-decoder-webm-vp8: 9c59270c3fd7afecdb556c50c9e8de78 -> 
  custom:audio-decoder-ogg-vorbis: bf7c407c2cedff20999df2af8eb42d56 -> 
